<?xml version="1.0" encoding="UTF-8"?>
<!-- Generated by org.testng.reporters.JUnitReportReporter -->
<testsuite hostname="fv-az1338-319" failures="0" tests="4" name="com.azka.ui.UiTest" time="12.207" errors="0" timestamp="2025-05-13T07:05:53 UTC" skipped="0">
  <testcase classname="com.azka.ui.UiTest" name="testPageStructure" time="0.700"/>
  <testcase classname="com.azka.ui.UiTest" name="testNavigationToExampleDomain" time="0.570"/>
  <testcase classname="com.azka.ui.UiTest" name="testPageContent" time="10.066"/>
  <testcase classname="com.azka.ui.UiTest" name="testExampleLinks" time="0.871"/>
</testsuite> <!-- com.azka.ui.UiTest -->
