<?xml version="1.0" encoding="UTF-8"?>
<!-- Generated by org.testng.reporters.JUnitReportReporter -->
<testsuite hostname="fv-az1046-282" failures="0" tests="4" name="com.azka.ui.UiTest" time="4.337" errors="0" timestamp="2025-05-13T05:42:00 UTC" skipped="0">
  <testcase classname="com.azka.ui.UiTest" name="testPageContent" time="0.686"/>
  <testcase classname="com.azka.ui.UiTest" name="testPageStructure" time="2.417"/>
  <testcase classname="com.azka.ui.UiTest" name="testExampleLinks" time="0.666"/>
  <testcase classname="com.azka.ui.UiTest" name="testNavigationToExampleDomain" time="0.568"/>
</testsuite> <!-- com.azka.ui.UiTest -->
