<?xml version="1.0" encoding="UTF-8"?>
<!-- Generated by org.testng.reporters.JUnitReportReporter -->
<testsuite hostname="fv-az1719-728" failures="0" tests="4" name="com.azka.ui.UiTest" time="4.001" errors="0" timestamp="2025-05-13T05:26:12 UTC" skipped="0">
  <testcase classname="com.azka.ui.UiTest" name="testNavigationToExampleDomain" time="0.476"/>
  <testcase classname="com.azka.ui.UiTest" name="testPageContent" time="2.335"/>
  <testcase classname="com.azka.ui.UiTest" name="testExampleLinks" time="0.578"/>
  <testcase classname="com.azka.ui.UiTest" name="testPageStructure" time="0.612"/>
</testsuite> <!-- com.azka.ui.UiTest -->
