<?xml version="1.0" encoding="UTF-8"?>
<!-- Generated by org.testng.reporters.JUnitReportReporter -->
<testsuite hostname="fv-az797-475" failures="0" tests="4" name="com.azka.ui.UiTest" time="13.021" errors="0" timestamp="2025-05-13T05:38:00 UTC" skipped="0">
  <testcase classname="com.azka.ui.UiTest" name="testPageContent" time="0.500"/>
  <testcase classname="com.azka.ui.UiTest" name="testPageStructure" time="0.723"/>
  <testcase classname="com.azka.ui.UiTest" name="testExampleLinks" time="11.043"/>
  <testcase classname="com.azka.ui.UiTest" name="testNavigationToExampleDomain" time="0.755"/>
</testsuite> <!-- com.azka.ui.UiTest -->
